app/proguard-rules.pro
#-------------------------------------------基本不用动区域--------------------------------------------
#---------------------------------基本指令区----------------------------------
-optimizationpasses 5       # 指定代码的压缩级别
-dontusemixedcaseclassnames     # 是否使用大小写混合
-dontskipnonpubliclibraryclasses        # 指定不去忽略非公共的库类
-dontskipnonpubliclibraryclassmembers       # 指定不去忽略包可见的库类的成员
-dontpreverify      # 混淆时是否做预校验
-verbose        # 混淆时是否记录日志
-printmapping proguardMapping.txt
-optimizations !code/simplification/cast,!field/*,!class/merging/*      # 混淆时所采用的算法
-keepattributes *Annotation*,InnerClasses
-keepattributes Signature
-keepattributes SourceFile,LineNumberTable
#----------------------------------------------------------------------------
-ignorewarnings     # 是否忽略检测，（是）
#---------------------------------默认保留区---------------------------------
-keep public class * extends android.app.Activity
-keep public class * extends android.app.Application
-keep public class * extends android.app.Service
-keep public class * extends android.content.BroadcastReceiver
-keep public class * extends android.content.ContentProvider
-keep public class * extends android.app.backup.BackupAgentHelper
-keep public class * extends android.preference.Preference
-keep public class * extends android.view.View
#-ignorewarnings -keep class * { public private *; }

-keepclasseswithmembernames class * {
    native <methods>;
}
-keepclassmembers class * extends android.app.Activity{
    public void *(android.view.View);
}
-keepclassmembers enum * {
    public static **[] values();
    public static ** valueOf(java.lang.String);
}
-keep public class * extends android.view.View{
    *** get*();
    void set*(***);
    public <init>(android.content.Context);
    public <init>(android.content.Context, android.util.AttributeSet);
    public <init>(android.content.Context, android.util.AttributeSet, int);
}
-keepclasseswithmembers class * {
    public <init>(android.content.Context, android.util.AttributeSet);
    public <init>(android.content.Context, android.util.AttributeSet, int);
}
-keep class * implements android.os.Parcelable {
  public static final android.os.Parcelable$Creator *;
}
-keepclassmembers class * implements java.io.Serializable {
    static final long serialVersionUID;
    private static final java.io.ObjectStreamField[] serialPersistentFields;
    private void writeObject(java.io.ObjectOutputStream);
    private void readObject(java.io.ObjectInputStream);
    java.lang.Object writeReplace();
    java.lang.Object readResolve();
}
#表示不混淆R文件中的所有静态字段
-keep class **.R$* {
    public static <fields>;
}
-keepclassmembers class * {
    void *(**On*Event);
}

# 保留本地native方法不被混淆
-keepclasseswithmembernames class * {
    native <methods>;
}

# 保留在Activity中的方法参数是view的方法，
# 这样以来我们在layout中写的onClick就不会被影响
-keepclassmembers class * extends android.app.Activity{
    public void *(android.view.View);
}

# 保留枚举类不被混淆
-keepclassmembers enum * {
    public static **[] values();
    public static ** valueOf(java.lang.String);
}

# 保留我们自定义控件（继承自View）不被混淆
-keep public class * extends android.view.View{
    *** get*();
    void set*(***);
    public <init>(android.content.Context);
    public <init>(android.content.Context, android.util.AttributeSet);
    public <init>(android.content.Context, android.util.AttributeSet, int);
}

# 保留Parcelable序列化类不被混淆
-keep class * implements android.os.Parcelable {
    public static final android.os.Parcelable$Creator *;
}

# 对于带有回调函数的onXXEvent、**On*Listener的，不能被混淆
-keepclassmembers class * {
    void *(**On*Event);
    void *(**On*Listener);
}
-dontwarn com.tencent.bugly.**
-keep public class com.tencent.bugly.**{*;}
-keep class android.support.**{*;}

#----------------------------------------------------------------------------