app/seeds.txt
com.boom.android.ui.videos.VideoDetailFragment: void onCreate(android.os.Bundle)
com.boom.android.MainActivity: void onDestroy()
com.boom.android.service.MediaRecordService: void showCameraFloatingWindow()
com.boom.android.VideoDetailActivity: android.widget.EditText editName
com.boom.android.util.cache.NetCacheUtils$BitmapTask: NetCacheUtils$BitmapTask(com.boom.android.util.cache.NetCacheUtils)
com.boom.android.ui.videos.VideoDetailFragment: java.lang.String TAG
com.boom.android.ui.videos.VideoDetailFragment: android.widget.ImageView iFrame
com.boom.android.util.cache.NetCacheUtils$BitmapTask: android.graphics.Bitmap doInBackground(java.lang.Object[])
com.boom.android.VideoDetailActivity: int mSeekPosition
com.boom.android.VideoDetailActivity: void onStart(android.media.MediaPlayer)
com.boom.android.service.MediaRecordService$FloatingOnTouchListener: float initialTouchX
com.boom.android.ui.videos.MyVideosFragment: void updateLatestVideo()
com.boom.android.service.MediaRecordService: void addRoundBorder()
com.boom.android.VideoDetailActivity: VideoDetailActivity()
com.boom.android.ui.videos.VideoDetailFragment: void initView()
com.boom.android.MainActivity: void onPause()
com.boom.android.service.MediaRecordService: void onPreview(byte[],android.hardware.Camera)
com.boom.android.util.cache.NetCacheUtils$BitmapTask: java.lang.Object doInBackground(java.lang.Object[])
com.boom.android.service.MediaRecordService: void initRecorder()
com.boom.android.MainActivity: MainActivity()
com.boom.android.MainActivity: void onRequestPermissionsResult(int,java.lang.String[],int[])
com.boom.android.service.MediaRecordService: int height
com.boom.android.MainActivity$3: void onServiceDisconnected(android.content.ComponentName)
com.boom.android.VideoDetailActivity: java.lang.String FILENAME
com.boom.android.service.MediaRecordService: float getCounterHeight()
com.boom.android.service.MediaRecordService$MyOnGestureListener: com.boom.android.service.MediaRecordService this$0
com.boom.android.service.MediaRecordService: int CAMERA_ID
com.boom.android.ui.videos.VideoDetailFragment: com.boom.model.interf.IRecordModel recordModel
com.boom.android.ui.videos.VideoListAdapter$ItemVH_ViewBinding: VideoListAdapter$ItemVH_ViewBinding(com.boom.android.ui.videos.VideoListAdapter$ItemVH,android.view.View)
com.boom.android.BoomApplication: BoomApplication()
com.boom.android.MainActivity: void onActivityResult(int,int,android.content.Intent)
com.boom.android.service.MediaRecordService: android.media.MediaRecorder mediaRecorder
com.boom.android.util.cache.NetCacheUtils$BitmapTask: com.boom.android.util.cache.NetCacheUtils this$0
com.boom.android.service.MediaRecordService: void onCameraOpened(android.hardware.Camera,int,int,boolean)
com.boom.android.MainActivity: int RECORD_REQUEST_CODE
com.boom.android.ui.videos.RecentVideosFragment: android.view.View root
com.boom.android.ui.videos.MyVideosFragment: void onStart()
com.boom.android.VideoDetailActivity: android.widget.TextView shareVideo
com.boom.android.service.MediaRecordService: android.widget.ImageView counterView
com.boom.android.ui.videos.MyVideosFragment: androidx.recyclerview.widget.RecyclerView videoListView
com.boom.android.service.MediaRecordService: int access$100(com.boom.android.service.MediaRecordService)
com.boom.android.ui.videos.MyVideosFragment_ViewBinding: MyVideosFragment_ViewBinding(com.boom.android.ui.videos.MyVideosFragment,android.view.View)
com.boom.android.service.MediaRecordService$FloatingOnTouchListener: int initialY
com.boom.android.util.cache.MemoryCacheUtils$1: com.boom.android.util.cache.MemoryCacheUtils this$0
com.boom.android.ui.videos.VideoDetailFragment: java.lang.String fileName
com.boom.android.MainActivity$2: void onAnimationStart(android.animation.Animator)
com.boom.android.service.MediaRecordService: void createNotificationChannel()
com.boom.android.ui.videos.VideoDetailFragment: android.widget.TextView tvName
...
androidx.viewpager2.widget.ViewPager2$SavedState$1
androidx.transition.ChangeTransform$3: boolean val$handleParentChange
com.google.android.material.transformation.FabTransformationBehavior$3
com.google.android.material.card.MaterialCardView: void setPreventCornerOverlap(boolean)
androidx.fragment.app.Fragment: void requestPermissions(java.lang.String[],int)
androidx.viewpager.widget.ViewPager: void addView(android.view.View,int,android.view.ViewGroup$LayoutParams)
androidx.vectordrawable.graphics.drawable.VectorDrawableCompat: int getChangingConfigurations()
androidx.fragment.app.FragmentManagerState: int describeContents()
androidx.appcompat.app.AlertController$AlertParams$4: androidx.appcompat.app.AlertController val$dialog
androidx.drawerlayout.widget.DrawerLayout: android.graphics.drawable.Drawable resolveLeftShadow()
androidx.appcompat.view.menu.MenuItemWrapperICS: java.lang.CharSequence getTooltipText()
com.google.android.material.bottomnavigation.BottomNavigationView$SavedState$1: com.google.android.material.bottomnavigation.BottomNavigationView$SavedState[] newArray(int)
com.google.android.material.shape.MaterialShapeDrawable: void setAlpha(int)
androidx.recyclerview.widget.StaggeredGridLayoutManager$SavedState: android.os.Parcelable$Creator CREATOR
androidx.appcompat.widget.AppCompatSpinner: AppCompatSpinner(android.content.Context,android.util.AttributeSet,int,int,android.content.res.Resources$Theme)
com.github.clans.fab.Label: android.graphics.Xfermode PORTER_DUFF_CLEAR
androidx.appcompat.widget.AppCompatSpinner: boolean performClick()
androidx.appcompat.widget.LinearLayoutCompat: int VERTICAL
androidx.appcompat.widget.SearchView: void forceSuggestionQuery()
androidx.vectordrawable.graphics.drawable.VectorDrawableCompat: void printGroupTree(androidx.vectordrawable.graphics.drawable.VectorDrawableCompat$VGroup,int)
androidx.vectordrawable.graphics.drawable.VectorDrawableCompat$VGroup: float getRotation()
androidx.coordinatorlayout.widget.CoordinatorLayout$SavedState$1: java.lang.Object createFromParcel(android.os.Parcel,java.lang.ClassLoader)
androidx.core.graphics.drawable.IconCompatParcelizer
androidx.drawerlayout.widget.DrawerLayout: void setStatusBarBackground(int)
androidx.core.view.ActionProvider: androidx.core.view.ActionProvider$SubUiVisibilityListener mSubUiVisibilityListener
com.boom.deprecated.CameraView
com.github.clans.fab.FloatingActionButton: int mProgress
com.github.clans.fab.FloatingActionButton: boolean mUsingElevationCompat
com.boom.camera.Camera2Helper$3: void onConfigured(android.hardware.camera2.CameraCaptureSession)
androidx.appcompat.app.NavItemSelectedListener
com.google.android.material.chip.ChipDrawable: void setIconEndPadding(float)
androidx.recyclerview.widget.ItemTouchHelper$RecoverAnimation: int mAnimationType
com.github.clans.fab.FloatingActionMenu: void hideMenuButton(boolean)
androidx.vectordrawable.graphics.drawable.PathInterpolatorCompat
com.github.clans.fab.FloatingActionButton: void setLabelColors(int,int,int)
androidx.appcompat.widget.SuggestionsAdapter: boolean mClosed
com.google.android.material.textfield.TextInputLayout: int boxStrokeWidthFocusedPx
androidx.appcompat.widget.SearchView$SavedState$1: SearchView$SavedState$1()
androidx.appcompat.widget.ActivityChooserModel: boolean sortActivitiesIfNeeded()
androidx.recyclerview.widget.RecyclerView: void ensureRightGlow()
androidx.core.widget.AutoScrollHelper: boolean mNeedsCancel
com.google.android.material.button.MaterialButton: android.graphics.drawable.Drawable icon
androidx.fragment.app.FragmentManagerImpl: void addFragment(androidx.fragment.app.Fragment,boolean)
androidx.appcompat.widget.ListPopupWindow$1
com.github.clans.fab.FloatingActionButton: int mProgressWidth
com.google.android.material.appbar.CollapsingToolbarLayout: void setExpandedTitleMarginEnd(int)
androidx.appcompat.view.menu.MenuBuilder: java.util.ArrayList mNonActionItems