app/unused.txt
com.boom.android.log.Dogger:
    public void <init>()
    public static void v(java.lang.String,java.lang.String,java.lang.String,java.lang.String)
    public static void e(java.lang.String,java.lang.String,java.lang.String,java.lang.String,java.lang.Throwable)
    public static void w(java.lang.String,java.lang.String,java.lang.String,java.lang.String,java.lang.Throwable)
    public static void i(java.lang.String,java.lang.String,java.lang.String,java.lang.String,java.lang.Throwable)
    public static void d(java.lang.String,java.lang.String,java.lang.String,java.lang.String,java.lang.Throwable)
    public static void v(java.lang.String,java.lang.String,java.lang.String,java.lang.String,java.lang.Throwable)
    private static final java.lang.String TMP
    public static final int VERBOSE
    public static final int DEBUG
    public static final int INFO
    public static final int WARN
    public static final int ERROR
    public static final int ASSERT
com.boom.android.R$layout
com.boom.android.R$integer
com.boom.android.VideoDetailActivity_ViewBinding:
    public void <init>(com.boom.android.VideoDetailActivity)
    public void unbind()
com.boom.android.util.FileUtils:
    public void <init>()
    public static java.util.List getFiles(java.lang.String,java.util.List)
    public static java.util.List listFileSortByModifyTime(java.lang.String)
    private static synthetic int lambda$listFileSortByModifyTime$1(java.io.File,java.io.File)
    public java.lang.String getFileSize(java.lang.String)
com.boom.android.R$id
com.boom.android.R$styleable
com.boom.android.ui.videos.bean.VideoItemDiffCallback:
    public static final java.lang.String NAME_UPDATED
    public static final java.lang.String MODIFIED_TIME_UPDATED
com.boom.android.R$plurals
com.boom.android.R
com.boom.android.R$bool
com.boom.android.util.RecordHelper:
    public void <init>()
    public static void startCounter()
    public static com.boom.model.repo.RecordRepo getRecordRepo()
com.boom.android.ui.videos.VideoDetailFragment_ViewBinding:
    public void unbind()
com.boom.android.R$xml
com.boom.android.ui.videos.WrapContentLinearLayoutManager:
    public void <init>(android.content.Context,int,boolean)
com.boom.android.util.BoomHelper:
    public void <init>()
    public static final java.lang.String filePostfix
com.boom.android.R$string
com.boom.android.util.DataUtils:
    public void <init>()
com.boom.android.util.WindowUtils:
    public void <init>()
    public static int getScreenHeight(android.content.Context)
    public static int getScreenWidth(android.content.Context)
com.boom.android.R$menu
com.boom.android.R$dimen
com.boom.android.viewmodel.RecordViewModel:
    private final void initSiRepo()
    public final com.boom.model.interf.IRecordModel getRecordModel()
    public final void setRecordModel(com.boom.model.interf.IRecordModel)
    public final com.boom.model.repo.RecordRepo getRecordRepo()
    public final void setRecordRepo(com.boom.model.repo.RecordRepo)
    private com.boom.model.repo.RecordRepo recordRepo
    private final com.boom.android.service.MediaRecordService recordService
    private final com.boom.deprecated.FloatingCameraService floatingCameraService
    private final com.boom.deprecated.FloatingCounterService floatingCounterService
com.boom.android.ui.videos.VideoListAdapter$ItemVH_ViewBinding:
    public void unbind()
com.boom.android.log.IDoggerConst
com.boom.android.R$mipmap
com.boom.android.R$style
com.boom.android.util.AttachmentFileReader
com.boom.android.R$interpolator
com.boom.android.util.NotificationUtils:
    public void <init>()
com.boom.android.R$attr
com.boom.android.util.BitmapUtils
com.boom.android.R$color
com.boom.android.log.FactoryMgr:
    public void <init>()
...
kotlin.jvm.internal.ArrayDoubleIterator
io.reactivex.internal.operators.observable.ObservableScalarXMap$ScalarXMapObservable
kotlinx.coroutines.CoroutineId$Key
kotlin.ranges.RangesKt
androidx.versionedparcelable.NonParcelField
kotlin.random.FallbackThreadLocalRandom$implStorage$1
androidx.core.view.GravityCompat:
    public static void apply(int,int,int,android.graphics.Rect,int,int,android.graphics.Rect,int)
    public static void applyDisplay(int,android.graphics.Rect,android.graphics.Rect,int)
    private void <init>()
    public static final int RELATIVE_LAYOUT_DIRECTION
    public static final int START
    public static final int END
    public static final int RELATIVE_HORIZONTAL_GRAVITY_MASK
io.reactivex.internal.operators.flowable.FlowableSkip
io.reactivex.internal.functions.Functions$Array8Func
kotlinx.coroutines.channels.BroadcastCoroutine
androidx.recyclerview.widget.ScrollbarHelper:
    private void <init>()
kotlinx.coroutines.DelayKt
kotlinx.coroutines.channels.ChannelsKt__Channels_commonKt$associateBy$2
io.reactivex.internal.operators.maybe.MaybeNever
kotlin.reflect.KMutableProperty$Setter
kotlin.sequences.SequencesKt___SequencesKt$zip$1
com.boom.camera.Camera2Helper:
    private void <init>(com.boom.camera.Camera2Helper$Builder)
    private void closeCamera()
    private void startBackgroundThread()
    private void stopBackgroundThread()
    synthetic void <init>(com.boom.camera.Camera2Helper$Builder,com.boom.camera.Camera2Helper$1)
    public synchronized void start()
    public synchronized void stop()
    public void release()
    private final android.view.TextureView$SurfaceTextureListener mSurfaceTextureListener
    private android.os.HandlerThread mBackgroundThread
    private static final java.lang.String TAG
    private static final int MAX_PREVIEW_WIDTH
    private static final int MAX_PREVIEW_HEIGHT
    private static final int MIN_PREVIEW_WIDTH
    private static final int MIN_PREVIEW_HEIGHT
    public static final java.lang.String CAMERA_ID_FRONT
    public static final java.lang.String CAMERA_ID_BACK
androidx.annotation.InspectableProperty$ValueType
kotlin.coroutines.intrinsics.IntrinsicsKt__IntrinsicsJvmKt$createCoroutineUnintercepted$$inlined$createCoroutineFromSuspendFunction$IntrinsicsKt__IntrinsicsJvmKt$3
io.reactivex.internal.operators.maybe.MaybeFromCompletable$FromCompletableObserver
androidx.recyclerview.widget.StableIdStorage$StableIdLookup
io.reactivex.internal.util.NotificationLite$SubscriptionNotification
io.reactivex.internal.observers.BasicFuseableObserver
kotlin.coroutines.experimental.CoroutineContext$Element$DefaultImpls
kotlin.random.Random$Companion
com.google.android.material.badge.BadgeUtils:
    private void <init>()
kotlin.properties.ReadOnlyProperty
io.reactivex.internal.operators.observable.ObservableBufferBoundary$BufferCloseObserver
com.universalvideoview.R$string